<?xml version="1.0" encoding="UTF-8"?>
<testsuites name="Regression Test" time="11" tests="1" failures="0" errors="0">
   <testsuite name="Regression Test" tests="1" failures="0" errors="0" time="11" timestamp="2018-12-13 17:35:32" hostname="akash - DESKTOP-R9J1D8T" id="Test Suites/Regression Test">
      <properties>
         <property name="deviceName" value=""/>
         <property name="devicePlatform" value=""/>
         <property name="logFolder" value="C:\\Users\\akash\\Katalon Studio\\Diffoperations\\Reports\\Regression Test\\20181213_173527"/>
         <property name="logFiles" value="C:\\Users\\akash\\Katalon Studio\\Diffoperations\\Reports\\Regression Test\\20181213_173527\\execution0.log"/>
         <property name="attachments" value=""/>
         <property name="hostName" value="akash - DESKTOP-R9J1D8T"/>
         <property name="os" value="Windows 10 64bit"/>
         <property name="katalonVersion" value="5.9.1.2"/>
         <property name="browser" value="Chrome 70.0.3538.110"/>
         <property name="hostAddress" value="192.168.11.73"/>
         <property name="sessionId" value="98964683f00899f4a16b2e87360d2e22"/>
         <property name="seleniumVersion" value="3.7.1"/>
         <property name="proxyInformation" value="ProxyInformation{proxyOption=NO_PROXY, proxyServerType=HTTP, password=, proxyServerAddress=, proxyServerPort=0}"/>
         <property name="platform" value="Windows 10"/>
      </properties>
      <testcase name="Test Cases/New Test Case (4)" classname="Test Cases/New Test Case (4)" status="PASSED">
         <system-out><![CDATA[2018-12-13 17:35:34 - [TEST_CASE][PASSED] - Test Cases/New Test Case (4): Test Cases/New Test Case (4)

2018-12-13 17:35:34 - [TEST_STEP][PASSED] - Start listener action : sampleBeforeTestCase: null

2018-12-13 17:35:34 - [TEST_STEP][PASSED] - println(testCaseContext.getTestCaseId()): null

2018-12-13 17:35:34 - [TEST_STEP][PASSED] - println(testCaseContext.getTestCaseVariables()): null

2018-12-13 17:35:35 - [TEST_STEP][PASSED] - openBrowser(""): Browser is opened with url: ''

2018-12-13 17:35:37 - [MESSAGE][INFO] - Starting 'Chrome' driver

2018-12-13 17:35:37 - [MESSAGE][INFO] - Action delay is set to 0 seconds

2018-12-13 17:35:41 - [MESSAGE][PASSED] - Browser is opened with url: ''

2018-12-13 17:35:41 - [TEST_STEP][PASSED] - maximizeWindow(): Current window maximized

2018-12-13 17:35:42 - [MESSAGE][PASSED] - Current window maximized

2018-12-13 17:35:42 - [TEST_STEP][PASSED] - navigateToUrl("https://flipkart.com"): Navigate to 'https://flipkart.com' successfully

2018-12-13 17:35:43 - [MESSAGE][PASSED] - Navigate to 'https://flipkart.com' successfully]]></system-out>
         <system-err><![CDATA[]]></system-err>
      </testcase>
      <system-out><![CDATA[2018-12-13 17:35:32 - [TEST_SUITE][PASSED] - Regression Test: Test Cases/New Test Case (4)]]></system-out>
      <system-err><![CDATA[]]></system-err>
   </testsuite>
</testsuites>
